<?xml version="1.0" encoding="UTF-8"?>
<!-- Generated by org.testng.reporters.JUnitReportReporter -->
<testsuite hostname="Muhammads-MacBook-Pro.local" failures="0" tests="1" name="com.mdm.tests.ValidateMemriReportContent" time="14.823" errors="0" timestamp="2024-05-15T20:59:12 PKT" skipped="0">
  <testcase classname="com.mdm.tests.ValidateMemriReportContent" name="testCSVHeaderValidationNotFoundInMdm" time="14.823"/>
  <system-out/>
</testsuite> <!-- com.mdm.tests.ValidateMemriReportContent -->
